<?xml version="1.0" encoding="UTF-8"?>
<testsuite xmlns:xsi="http://www.w3.org/2001/XMLSchema-instance" xsi:noNamespaceSchemaLocation="https://maven.apache.org/surefire/maven-surefire-plugin/xsd/surefire-test-report-3.0.xsd" version="3.0" name="com.securevault.NotificationModuleIntegrationTest" time="13.375" tests="9" errors="0" skipped="0" failures="0">
  <properties>
[...]
</properties>
  <testcase name="testPasswordUpdateResetsExpiration" classname="com.securevault.NotificationModuleIntegrationTest" time="0.764">
    <system-out><![CDATA[18:39:24.960 [main] INFO org.springframework.test.context.support.AnnotationConfigContextLoaderUtils -- Could not detect default configuration classes for test class [com.securevault.NotificationModuleIntegrationTest]: NotificationModuleIntegrationTest does not declare any static, non-private, non-final, nested classes annotated with @Configuration.
18:39:25.035 [main] INFO org.springframework.boot.test.context.SpringBootTestContextBootstrapper -- Found @SpringBootConfiguration com.securevault.SecureVaultApplication for test class com.securevault.NotificationModuleIntegrationTest

  .   ____          _            __ _ _
 /\\ / ___'_ __ _ _(_)_ __  __ _ \ \ \ \
( ( )\___ | '_ | '_| | '_ \/ _` | \ \ \ \
 \\/  ___)| |_)| | | | | || (_| |  ) ) ) )
  '  |____| .__|_| |_|_| |_\__, | / / / /
 =========|_|==============|___/=/_/_/_/
 :: Spring Boot ::                (v3.2.3)

2026-09-15T18:39:25.480+05:30  INFO 22044 --- [securevault-backend] [           main] c.s.NotificationModuleIntegrationTest    : Starting NotificationModuleIntegrationTest using Java 25.0.1 with PID 22044 (started by bharath in C:\Users\bharath\OneDrive\Documents\password_vault_and_credential_management_system\backend)
2026-09-15T18:39:25.484+05:30 DEBUG 22044 --- [securevault-backend] [           main] c.s.NotificationModuleIntegrationTest    : Running with Spring Boot v3.2.3, Spring v6.1.4
2026-09-15T18:39:25.484+05:30  INFO 22044 --- [securevault-backend] [           main] c.s.NotificationModuleIntegrationTest    : No active profile set, falling back to 1 default profile: "default"
2026-09-15T18:39:26.183+05:30  INFO 22044 --- [securevault-backend] [           main] .s.d.r.c.RepositoryConfigurationDelegate : Bootstrapping Spring Data JPA repositories in DEFAULT mode.
2026-09-15T18:39:26.289+05:30  INFO 22044 --- [securevault-backend] [           main] .s.d.r.c.RepositoryConfigurationDelegate : Finished Spring Data repository scanning in 96 ms. Found 10 JPA repository interfaces.
2026-09-15T18:39:27.016+05:30  INFO 22044 --- [securevault-backend] [           main] o.hibernate.jpa.internal.util.LogHelper  : HHH000204: Processing PersistenceUnitInfo [name: default]
2026-09-15T18:39:27.135+05:30  INFO 22044 --- [securevault-backend] [           main] org.hibernate.Version                    : HHH000412: Hibernate ORM core version 6.4.4.Final
2026-09-15T18:39:27.208+05:30  INFO 22044 --- [securevault-backend] [           main] o.h.c.internal.RegionFactoryInitiator    : HHH000026: Second-level cache disabled
2026-09-15T18:39:27.406+05:30  INFO 22044 --- [securevault-backend] [           main] o.s.o.j.p.SpringPersistenceUnitInfo      : No LoadTimeWeaver setup: ignoring JPA class transformer
2026-09-15T18:39:27.452+05:30  INFO 22044 --- [securevault-backend] [           main] com.zaxxer.hikari.HikariDataSource       : HikariPool-1 - Starting...
2026-09-15T18:39:27.691+05:30  INFO 22044 --- [securevault-backend] [           main] com.zaxxer.hikari.pool.HikariPool        : HikariPool-1 - Added connection org.postgresql.jdbc.PgConnection@25f73119
2026-09-15T18:39:27.693+05:30  INFO 22044 --- [securevault-backend] [           main] com.zaxxer.hikari.HikariDataSource       : HikariPool-1 - Start completed.
2026-09-15T18:39:27.749+05:30  WARN 22044 --- [securevault-backend] [           main] org.hibernate.orm.deprecation            : HHH90000025: PostgreSQLDialect does not need to be specified explicitly using 'hibernate.dialect' (remove the property setting and it will be selected by default)
2026-09-15T18:39:29.077+05:30  INFO 22044 --- [securevault-backend] [           main] o.h.e.t.j.p.i.JtaPlatformInitiator       : HHH000489: No JTA platform available (set 'hibernate.transaction.jta.platform' to enable JTA platform integration)
2026-09-15T18:39:29.260+05:30  INFO 22044 --- [securevault-backend] [           main] j.LocalContainerEntityManagerFactoryBean : Initialized JPA EntityManagerFactory for persistence unit 'default'
2026-09-15T18:39:29.798+05:30  INFO 22044 --- [securevault-backend] [           main] o.s.d.j.r.query.QueryEnhancerFactory     : Hibernate is in classpath; If applicable, HQL parser will be used.
2026-09-15T18:39:31.055+05:30  WARN 22044 --- [securevault-backend] [           main] JpaBaseConfiguration$JpaWebConfiguration : spring.jpa.open-in-view is enabled by default. Therefore, database queries may be performed during view rendering. Explicitly configure spring.jpa.open-in-view to disable this warning
2026-09-15T18:39:31.392+05:30  INFO 22044 --- [securevault-backend] [           main] o.s.s.web.DefaultSecurityFilterChain     : Will secure any request with [org.springframework.security.web.session.DisableEncodeUrlFilter@61b33ef7, org.springframework.security.web.context.request.async.WebAsyncManagerIntegrationFilter@6801e8ab, org.springframework.security.web.context.SecurityContextHolderFilter@931aef8, org.springframework.security.web.header.HeaderWriterFilter@7dc95d5f, org.springframework.web.filter.CorsFilter@a89f8b7, org.springframework.security.web.authentication.logout.LogoutFilter@76d8a94, com.securevault.security.JwtAuthenticationFilter@1d229476, org.springframework.security.web.savedrequest.RequestCacheAwareFilter@34beebe0, org.springframework.security.web.servletapi.SecurityContextHolderAwareRequestFilter@78e4c48b, org.springframework.security.web.authentication.AnonymousAuthenticationFilter@575baeea, org.springframework.security.web.session.SessionManagementFilter@63ca10f7, org.springframework.security.web.access.ExceptionTranslationFilter@29863c20, org.springframework.security.web.access.intercept.AuthorizationFilter@34f7b98b]
2026-09-15T18:39:31.716+05:30  INFO 22044 --- [securevault-backend] [           main] c.s.NotificationModuleIntegrationTest    : Started NotificationModuleIntegrationTest in 6.579 seconds (process running for 9.589)
2026-09-15T18:39:31.730+05:30  INFO 22044 --- [securevault-backend] [           main] c.securevault.config.SchemaInitializer   : Dropped legacy notifications_type_check constraint if present.
2026-09-15T18:39:31.730+05:30  INFO 22044 --- [securevault-backend] [           main] c.s.config.DatabaseMigrationRunner       : Running database schema migrations...
2026-09-15T18:39:31.732+05:30  INFO 22044 --- [securevault-backend] [           main] c.s.config.DatabaseMigrationRunner       : Migration applied: email_verification_tokens.is_used ensured.
2026-09-15T18:39:31.755+05:30  INFO 22044 --- [securevault-backend] [           main] c.s.config.DatabaseMigrationRunner       : Migration applied: credential_shares permission_level schema and constraints ensured.
2026-09-15T18:39:31.755+05:30  INFO 22044 --- [securevault-backend] [           main] c.s.config.DatabaseMigrationRunner       : Database schema migrations completed.
]]></system-out>
  </testcase>
  <testcase name="testOldPasswordExpirationNotification" classname="com.securevault.NotificationModuleIntegrationTest" time="0.648">
    <system-out><![CDATA[2026-09-15T18:39:33.255+05:30  INFO 22044 --- [securevault-backend] [           main] c.s.s.impl.NotificationServiceImpl       : Created notification ID 97 (PASSWORD_EXPIRATION) for user notif.user1@securevault.com
]]></system-out>
  </testcase>
  <testcase name="testUserIsolation" classname="com.securevault.NotificationModuleIntegrationTest" time="0.563">
    <system-out><![CDATA[2026-09-15T18:39:33.828+05:30  INFO 22044 --- [securevault-backend] [           main] c.s.s.impl.NotificationServiceImpl       : Created notification ID 98 (SUCCESSFUL_LOGIN) for user notif.user2@securevault.com
]]></system-out>
  </testcase>
  <testcase name="testOldSharedCredentialExpirationNotification" classname="com.securevault.NotificationModuleIntegrationTest" time="0.614">
    <system-out><![CDATA[2026-09-15T18:39:34.428+05:30  INFO 22044 --- [securevault-backend] [           main] c.s.s.impl.NotificationServiceImpl       : Created notification ID 99 (CREDENTIAL_SHARED) for user notif.user2@securevault.com
2026-09-15T18:39:34.452+05:30  INFO 22044 --- [securevault-backend] [           main] c.s.s.impl.NotificationServiceImpl       : Created notification ID 100 (PASSWORD_EXPIRATION) for user notif.user2@securevault.com
]]></system-out>
  </testcase>
  <testcase name="testCredentialSharingNotification" classname="com.securevault.NotificationModuleIntegrationTest" time="0.57">
    <system-out><![CDATA[2026-09-15T18:39:35.022+05:30  INFO 22044 --- [securevault-backend] [           main] c.s.s.impl.NotificationServiceImpl       : Created notification ID 101 (CREDENTIAL_SHARED) for user notif.user2@securevault.com
]]></system-out>
  </testcase>
  <testcase name="testSuccessfulLoginNotification" classname="com.securevault.NotificationModuleIntegrationTest" time="1.481">
    <system-out><![CDATA[2026-09-15T18:39:36.501+05:30  INFO 22044 --- [securevault-backend] [           main] c.s.s.impl.NotificationServiceImpl       : Created notification ID 102 (SUCCESSFUL_LOGIN) for user notif.user1@securevault.com
]]></system-out>
  </testcase>
  <testcase name="testNotificationReadStateAndAuthorization" classname="com.securevault.NotificationModuleIntegrationTest" time="0.581">
    <system-out><![CDATA[2026-09-15T18:39:37.069+05:30  INFO 22044 --- [securevault-backend] [           main] c.s.s.impl.NotificationServiceImpl       : Created notification ID 103 (SUSPICIOUS_ACTIVITY) for user notif.user1@securevault.com
]]></system-out>
  </testcase>
  <testcase name="testWeakPasswordHealthNotification" classname="com.securevault.NotificationModuleIntegrationTest" time="0.604">
    <system-out><![CDATA[2026-09-15T18:39:37.664+05:30  INFO 22044 --- [securevault-backend] [           main] c.s.s.impl.NotificationServiceImpl       : Created notification ID 104 (PASSWORD_HEALTH) for user notif.user1@securevault.com
2026-09-15T18:39:37.674+05:30  INFO 22044 --- [securevault-backend] [           main] c.s.s.impl.NotificationServiceImpl       : Duplicate notification ignored for user notif.user1@securevault.com with referenceId: WEAK_CRED_92_1789477777
2026-09-15T18:39:37.682+05:30  INFO 22044 --- [securevault-backend] [           main] c.s.s.impl.NotificationServiceImpl       : Duplicate notification ignored for user notif.user1@securevault.com with referenceId: WEAK_CRED_92_1789477777
2026-09-15T18:39:37.693+05:30  INFO 22044 --- [securevault-backend] [           main] c.s.s.impl.NotificationServiceImpl       : Duplicate notification ignored for user notif.user1@securevault.com with referenceId: WEAK_CRED_92_1789477777
]]></system-out>
  </testcase>
  <testcase name="testFailedLoginSuspiciousActivityNotification" classname="com.securevault.NotificationModuleIntegrationTest" time="0.583">
    <system-out><![CDATA[2026-09-15T18:39:38.250+05:30  INFO 22044 --- [securevault-backend] [           main] c.s.s.i.SecurityMonitoringServiceImpl    : Failed login count for notif.user1@securevault.com since null: 1
2026-09-15T18:39:38.256+05:30  INFO 22044 --- [securevault-backend] [           main] c.s.s.i.SecurityMonitoringServiceImpl    : Failed login count for notif.user1@securevault.com since null: 2
2026-09-15T18:39:38.262+05:30  INFO 22044 --- [securevault-backend] [           main] c.s.s.i.SecurityMonitoringServiceImpl    : Failed login count for notif.user1@securevault.com since null: 3
2026-09-15T18:39:38.262+05:30  WARN 22044 --- [securevault-backend] [           main] c.s.s.i.SecurityMonitoringServiceImpl    : Threshold reached (3 failed attempts). Triggering suspicious activity & security alert for notif.user1@securevault.com
2026-09-15T18:39:38.273+05:30  INFO 22044 --- [securevault-backend] [           main] c.s.s.impl.NotificationServiceImpl       : Created notification ID 105 (FAILED_LOGIN_SECURITY) for user notif.user1@securevault.com
2026-09-15T18:39:38.276+05:30  INFO 22044 --- [securevault-backend] [           main] c.s.s.impl.NotificationServiceImpl       : Created notification ID 106 (SUSPICIOUS_ACTIVITY) for user notif.user1@securevault.com
]]></system-out>
  </testcase>
</testsuite>